     0 2024-12-27 02:08:14 Data Manager started.
     1 2024-12-27 02:08:14 Storage Manager started.
     2 2024-12-27 02:08:14 Connection Manager started.
     3 2024-12-27 02:08:14 Server has just launched on port  5678
     4 2024-12-27 02:08:14 Server is waiting for new Sensor Node connection...
     5 2024-12-27 02:08:14 A new data.csv file has been created.
     6 2024-12-27 02:08:17 New connection from 127.0.0.1:49626
     7 2024-12-27 02:08:17 Server is waiting for new Sensor Node connection...
     8 2024-12-27 02:08:17 New connection from 127.0.0.1:49627
     9 2024-12-27 02:08:17 Server is waiting for new Sensor Node connection...
    10 2024-12-27 02:08:17 Sensor Node 37 has opened a new connection
    11 2024-12-27 02:08:17 Sensor Node 21 has opened a new connection
    12 2024-12-27 02:08:17 Received new data from Sensor Node 37 {id: 37, value: 19.78, ts: 1735261697}
    13 2024-12-27 02:08:17 Received new data from Sensor Node 21 {id: 21, value: 19.78, ts: 1735261697}
    14 2024-12-27 02:08:17 New connection from 127.0.0.1:49628
    15 2024-12-27 02:08:17 Server is waiting for new Sensor Node connection...
    16 2024-12-27 02:08:17 Sensor Node 15 has opened a new connection
    17 2024-12-27 02:08:17 Received new data from Sensor Node 15 {id: 15, value: 19.78, ts: 1735261697}
    18 2024-12-27 02:08:17 New connection from 127.0.0.1:49629
    19 2024-12-27 02:08:17 Server is waiting for new Sensor Node connection...
    20 2024-12-27 02:08:17 Sensor Node 132 has opened a new connection
    21 2024-12-27 02:08:17 Received new data from Sensor Node 132 {id: 132, value: 19.78, ts: 1735261697}
    22 2024-12-27 02:08:17 New connection from 127.0.0.1:49630
    23 2024-12-27 02:08:17 Server is waiting for new Sensor Node connection...
    24 2024-12-27 02:08:17 Sensor Node 142 has opened a new connection
    25 2024-12-27 02:08:17 Received new data from Sensor Node 142 {id: 142, value: 19.78, ts: 1735261697}
    26 2024-12-27 02:08:17 Sensor node 37 reports it's too cold (avg temp = 3.955739)
    27 2024-12-27 02:08:17 Processed sensor data {id: 37, value: 19.78, avg: 3.96, ts: 1735261697}
    28 2024-12-27 02:08:17 Sensor node 21 reports it's too cold (avg temp = 3.955739)
    29 2024-12-27 02:08:17 Processed sensor data {id: 21, value: 19.78, avg: 3.96, ts: 1735261697}
    30 2024-12-27 02:08:17 Sensor node 15 reports it's too cold (avg temp = 3.955739)
    31 2024-12-27 02:08:17 Processed sensor data {id: 15, value: 19.78, avg: 3.96, ts: 1735261697}
    32 2024-12-27 02:08:17 Sensor node 132 reports it's too cold (avg temp = 3.955739)
    33 2024-12-27 02:08:17 Processed sensor data {id: 132, value: 19.78, avg: 3.96, ts: 1735261697}
    34 2024-12-27 02:08:17 Sensor node 142 reports it's too cold (avg temp = 3.955739)
    35 2024-12-27 02:08:17 Processed sensor data {id: 142, value: 19.78, avg: 3.96, ts: 1735261697}
    36 2024-12-27 02:08:18 Received new data from Sensor Node 15 {id: 15, value: 19.74, ts: 1735261698}
    37 2024-12-27 02:08:18 Data insertion from sensor 37 succeeded.
    38 2024-12-27 02:08:18 Data insertion from sensor 21 succeeded.
    39 2024-12-27 02:08:18 Data insertion from sensor 15 succeeded.
    40 2024-12-27 02:08:18 Data insertion from sensor 132 succeeded.
    41 2024-12-27 02:08:18 Data insertion from sensor 142 succeeded.
    42 2024-12-27 02:08:18 Sensor node 15 reports it's too cold (avg temp = 7.903817)
    43 2024-12-27 02:08:18 Processed sensor data {id: 15, value: 19.74, avg: 7.90, ts: 1735261698}
    44 2024-12-27 02:08:19 Received new data from Sensor Node 37 {id: 37, value: 19.74, ts: 1735261699}
    45 2024-12-27 02:08:19 Received new data from Sensor Node 15 {id: 15, value: 19.54, ts: 1735261699}
    46 2024-12-27 02:08:19 Sensor node 37 reports it's too cold (avg temp = 7.903817)
    47 2024-12-27 02:08:19 Processed sensor data {id: 37, value: 19.74, avg: 7.90, ts: 1735261699}
    48 2024-12-27 02:08:19 Processed sensor data {id: 15, value: 19.54, avg: 11.81, ts: 1735261699}
    49 2024-12-27 02:08:19 Data insertion from sensor 15 succeeded.
    50 2024-12-27 02:08:19 Data insertion from sensor 37 succeeded.
    51 2024-12-27 02:08:19 Data insertion from sensor 15 succeeded.
    52 2024-12-27 02:08:20 Received new data from Sensor Node 21 {id: 21, value: 19.74, ts: 1735261700}
    53 2024-12-27 02:08:20 Received new data from Sensor Node 132 {id: 132, value: 19.74, ts: 1735261700}
    54 2024-12-27 02:08:20 Received new data from Sensor Node 142 {id: 142, value: 19.74, ts: 1735261700}
    55 2024-12-27 02:08:20 Received new data from Sensor Node 15 {id: 15, value: 19.63, ts: 1735261700}
    56 2024-12-27 02:08:20 Sensor node 21 reports it's too cold (avg temp = 7.903817)
    57 2024-12-27 02:08:20 Processed sensor data {id: 21, value: 19.74, avg: 7.90, ts: 1735261700}
    58 2024-12-27 02:08:20 Sensor node 132 reports it's too cold (avg temp = 7.903817)
    59 2024-12-27 02:08:20 Processed sensor data {id: 132, value: 19.74, avg: 7.90, ts: 1735261700}
    60 2024-12-27 02:08:20 Sensor node 142 reports it's too cold (avg temp = 7.903817)
    61 2024-12-27 02:08:20 Processed sensor data {id: 142, value: 19.74, avg: 7.90, ts: 1735261700}
    62 2024-12-27 02:08:20 Processed sensor data {id: 15, value: 19.63, avg: 15.74, ts: 1735261700}
    63 2024-12-27 02:08:20 Data insertion from sensor 21 succeeded.
    64 2024-12-27 02:08:20 Data insertion from sensor 132 succeeded.
    65 2024-12-27 02:08:20 Data insertion from sensor 142 succeeded.
    66 2024-12-27 02:08:20 Data insertion from sensor 15 succeeded.
    67 2024-12-27 02:08:21 Received new data from Sensor Node 37 {id: 37, value: 19.54, ts: 1735261701}
    68 2024-12-27 02:08:21 Received new data from Sensor Node 15 {id: 15, value: 19.76, ts: 1735261701}
    69 2024-12-27 02:08:21 Processed sensor data {id: 37, value: 19.54, avg: 11.81, ts: 1735261701}
    70 2024-12-27 02:08:21 Sensor node 15 reports it's too hot (avg temp = 19.688860)
    71 2024-12-27 02:08:21 Processed sensor data {id: 15, value: 19.76, avg: 19.69, ts: 1735261701}
    72 2024-12-27 02:08:21 Data insertion from sensor 37 succeeded.
    73 2024-12-27 02:08:21 Data insertion from sensor 15 succeeded.
    74 2024-12-27 02:08:22 Received new data from Sensor Node 15 {id: 15, value: 19.90, ts: 1735261702}
    75 2024-12-27 02:08:22 Sensor node 15 reports it's too hot (avg temp = 19.713281)
    76 2024-12-27 02:08:22 Processed sensor data {id: 15, value: 19.90, avg: 19.71, ts: 1735261702}
    77 2024-12-27 02:08:22 Data insertion from sensor 15 succeeded.
    78 2024-12-27 02:08:23 Received new data from Sensor Node 21 {id: 21, value: 19.54, ts: 1735261703}
    79 2024-12-27 02:08:23 Received new data from Sensor Node 37 {id: 37, value: 19.63, ts: 1735261703}
    80 2024-12-27 02:08:23 Received new data from Sensor Node 132 {id: 132, value: 19.54, ts: 1735261703}
    81 2024-12-27 02:08:23 Received new data from Sensor Node 142 {id: 142, value: 19.54, ts: 1735261703}
    82 2024-12-27 02:08:23 Received new data from Sensor Node 15 {id: 15, value: 20.11, ts: 1735261703}
    83 2024-12-27 02:08:23 Processed sensor data {id: 21, value: 19.54, avg: 11.81, ts: 1735261703}
    84 2024-12-27 02:08:23 Processed sensor data {id: 37, value: 19.63, avg: 15.74, ts: 1735261703}
    85 2024-12-27 02:08:23 Processed sensor data {id: 132, value: 19.54, avg: 11.81, ts: 1735261703}
    86 2024-12-27 02:08:23 Processed sensor data {id: 142, value: 19.54, avg: 11.81, ts: 1735261703}
    87 2024-12-27 02:08:23 Sensor node 15 reports it's too hot (avg temp = 19.787047)
    88 2024-12-27 02:08:23 Processed sensor data {id: 15, value: 20.11, avg: 19.79, ts: 1735261703}
    89 2024-12-27 02:08:23 Data insertion from sensor 21 succeeded.
    90 2024-12-27 02:08:23 Data insertion from sensor 37 succeeded.
    91 2024-12-27 02:08:23 Data insertion from sensor 132 succeeded.
    92 2024-12-27 02:08:23 Data insertion from sensor 142 succeeded.
    93 2024-12-27 02:08:23 Data insertion from sensor 15 succeeded.
    94 2024-12-27 02:08:24 Received new data from Sensor Node 15 {id: 15, value: 20.03, ts: 1735261704}
    95 2024-12-27 02:08:24 Sensor node 15 reports it's too hot (avg temp = 19.886023)
    96 2024-12-27 02:08:24 Processed sensor data {id: 15, value: 20.03, avg: 19.89, ts: 1735261704}
    97 2024-12-27 02:08:24 Data insertion from sensor 15 succeeded.
    98 2024-12-27 02:08:25 Received new data from Sensor Node 37 {id: 37, value: 19.76, ts: 1735261705}
    99 2024-12-27 02:08:25 Received new data from Sensor Node 15 {id: 15, value: 20.01, ts: 1735261705}
   100 2024-12-27 02:08:25 Sensor node 37 reports it's too hot (avg temp = 19.688860)
   101 2024-12-27 02:08:25 Processed sensor data {id: 37, value: 19.76, avg: 19.69, ts: 1735261705}
   102 2024-12-27 02:08:25 Sensor node 15 reports it's too hot (avg temp = 19.961692)
   103 2024-12-27 02:08:25 Processed sensor data {id: 15, value: 20.01, avg: 19.96, ts: 1735261705}
   104 2024-12-27 02:08:25 Data insertion from sensor 37 succeeded.
   105 2024-12-27 02:08:25 Data insertion from sensor 15 succeeded.
   106 2024-12-27 02:08:26 Received new data from Sensor Node 21 {id: 21, value: 19.63, ts: 1735261706}
   107 2024-12-27 02:08:26 Received new data from Sensor Node 132 {id: 132, value: 19.63, ts: 1735261706}
   108 2024-12-27 02:08:26 Received new data from Sensor Node 142 {id: 142, value: 19.63, ts: 1735261706}
   109 2024-12-27 02:08:26 Received new data from Sensor Node 15 {id: 15, value: 20.10, ts: 1735261706}
   110 2024-12-27 02:08:26 Processed sensor data {id: 21, value: 19.63, avg: 15.74, ts: 1735261706}
   111 2024-12-27 02:08:26 Processed sensor data {id: 132, value: 19.63, avg: 15.74, ts: 1735261706}
   112 2024-12-27 02:08:26 Processed sensor data {id: 142, value: 19.63, avg: 15.74, ts: 1735261706}
   113 2024-12-27 02:08:26 Sensor node 15 reports it's too hot (avg temp = 20.030347)
   114 2024-12-27 02:08:26 Processed sensor data {id: 15, value: 20.10, avg: 20.03, ts: 1735261706}
   115 2024-12-27 02:08:26 Data insertion from sensor 21 succeeded.
   116 2024-12-27 02:08:26 Data insertion from sensor 132 succeeded.
   117 2024-12-27 02:08:26 Data insertion from sensor 142 succeeded.
   118 2024-12-27 02:08:26 Data insertion from sensor 15 succeeded.
   119 2024-12-27 02:08:27 Received new data from Sensor Node 37 {id: 37, value: 19.90, ts: 1735261707}
   120 2024-12-27 02:08:27 Received new data from Sensor Node 15 {id: 15, value: 20.02, ts: 1735261707}
   121 2024-12-27 02:08:27 Sensor node 37 reports it's too hot (avg temp = 19.713281)
   122 2024-12-27 02:08:27 Processed sensor data {id: 37, value: 19.90, avg: 19.71, ts: 1735261707}
   123 2024-12-27 02:08:27 Sensor node 15 reports it's too hot (avg temp = 20.053203)
   124 2024-12-27 02:08:27 Processed sensor data {id: 15, value: 20.02, avg: 20.05, ts: 1735261707}
   125 2024-12-27 02:08:27 Data insertion from sensor 37 succeeded.
   126 2024-12-27 02:08:27 Data insertion from sensor 15 succeeded.
   127 2024-12-27 02:08:28 Sensor Node 142 has closed the connection
   128 2024-12-27 02:08:28 Sensor Node 37 has closed the connection
   129 2024-12-27 02:08:28 Sensor Node 132 has closed the connection
   130 2024-12-27 02:08:28 Sensor Node 21 has closed the connection
   131 2024-12-27 02:08:28 Sensor Node 15 has closed the connection
